0 info it worked if it ends with ok
1 verbose cli [ '/usr/bin/nodejs', '/usr/bin/npm', 'install', 'angular@1.5.5' ]
2 info using npm@1.3.10
3 info using node@v0.10.25
4 verbose cache add [ 'angular@1.5.5', null ]
5 verbose cache add name=undefined spec="angular@1.5.5" args=["angular@1.5.5",null]
6 verbose parsed url { protocol: null,
6 verbose parsed url   slashes: null,
6 verbose parsed url   auth: null,
6 verbose parsed url   host: null,
6 verbose parsed url   port: null,
6 verbose parsed url   hostname: null,
6 verbose parsed url   hash: null,
6 verbose parsed url   search: null,
6 verbose parsed url   query: null,
6 verbose parsed url   pathname: 'angular@1.5.5',
6 verbose parsed url   path: 'angular@1.5.5',
6 verbose parsed url   href: 'angular@1.5.5' }
7 verbose cache add name="angular" spec="1.5.5" args=["angular","1.5.5"]
8 verbose parsed url { protocol: null,
8 verbose parsed url   slashes: null,
8 verbose parsed url   auth: null,
8 verbose parsed url   host: null,
8 verbose parsed url   port: null,
8 verbose parsed url   hostname: null,
8 verbose parsed url   hash: null,
8 verbose parsed url   search: null,
8 verbose parsed url   query: null,
8 verbose parsed url   pathname: '1.5.5',
8 verbose parsed url   path: '1.5.5',
8 verbose parsed url   href: '1.5.5' }
9 verbose addNamed [ 'angular', '1.5.5' ]
10 verbose addNamed [ '1.5.5', '1.5.5' ]
11 silly lockFile b7f2eb5e-angular-1-5-5 angular@1.5.5
12 verbose lock angular@1.5.5 /home/mbsl/.npm/b7f2eb5e-angular-1-5-5.lock
13 verbose url raw angular/1.5.5
14 verbose url resolving [ 'https://registry.npmjs.org/', './angular/1.5.5' ]
15 verbose url resolved https://registry.npmjs.org/angular/1.5.5
16 info trying registry request attempt 1 at 14:00:08
17 http GET https://registry.npmjs.org/angular/1.5.5
18 info retry will retry, error on last attempt: Error: tunneling socket could not be established, cause=140212397664128:error:140770FC:SSL routines:SSL23_GET_SERVER_HELLO:unknown protocol:s23_clnt.c:795:
19 info trying registry request attempt 2 at 14:00:18
20 http GET https://registry.npmjs.org/angular/1.5.5
21 info retry will retry, error on last attempt: Error: tunneling socket could not be established, cause=140212397664128:error:140770FC:SSL routines:SSL23_GET_SERVER_HELLO:unknown protocol:s23_clnt.c:795:
22 info trying registry request attempt 3 at 14:01:18
23 http GET https://registry.npmjs.org/angular/1.5.5
24 silly lockFile b7f2eb5e-angular-1-5-5 angular@1.5.5
25 silly lockFile b7f2eb5e-angular-1-5-5 angular@1.5.5
26 error network tunneling socket could not be established, cause=140212397664128:error:140770FC:SSL routines:SSL23_GET_SERVER_HELLO:unknown protocol:s23_clnt.c:795:
26 error network
26 error network This is most likely not a problem with npm itself
26 error network and is related to network connectivity.
26 error network In most cases you are behind a proxy or have bad network settings.
26 error network
26 error network If you are behind a proxy, please make sure that the
26 error network 'proxy' config is set properly.  See: 'npm help config'
27 error System Linux 3.19.0-47-generic
28 error command "/usr/bin/nodejs" "/usr/bin/npm" "install" "angular@1.5.5"
29 error cwd /home/mbsl/Saas
30 error node -v v0.10.25
31 error npm -v 1.3.10
32 error code ECONNRESET
33 verbose exit [ 1, true ]
