0 info it worked if it ends with ok
1 verbose cli [ '/usr/bin/nodejs', '/usr/bin/npm', 'install', 'bootstrap' ]
2 info using npm@1.3.10
3 info using node@v0.10.25
4 verbose cache add [ 'bootstrap', null ]
5 verbose cache add name=undefined spec="bootstrap" args=["bootstrap",null]
6 verbose parsed url { protocol: null,
6 verbose parsed url   slashes: null,
6 verbose parsed url   auth: null,
6 verbose parsed url   host: null,
6 verbose parsed url   port: null,
6 verbose parsed url   hostname: null,
6 verbose parsed url   hash: null,
6 verbose parsed url   search: null,
6 verbose parsed url   query: null,
6 verbose parsed url   pathname: 'bootstrap',
6 verbose parsed url   path: 'bootstrap',
6 verbose parsed url   href: 'bootstrap' }
7 silly lockFile 3c71cc99-bootstrap bootstrap
8 verbose lock bootstrap /home/mbsl/.npm/3c71cc99-bootstrap.lock
9 silly lockFile 3c71cc99-bootstrap bootstrap
10 silly lockFile 3c71cc99-bootstrap bootstrap
11 verbose addNamed [ 'bootstrap', '' ]
12 verbose addNamed [ null, '*' ]
13 silly lockFile 2571d98f-bootstrap bootstrap@
14 verbose lock bootstrap@ /home/mbsl/.npm/2571d98f-bootstrap.lock
15 silly addNameRange { name: 'bootstrap', range: '*', hasData: false }
16 verbose url raw bootstrap
17 verbose url resolving [ 'https://registry.npmjs.org/', './bootstrap' ]
18 verbose url resolved https://registry.npmjs.org/bootstrap
19 info trying registry request attempt 1 at 12:25:14
20 http GET https://registry.npmjs.org/bootstrap
21 info retry will retry, error on last attempt: Error: tunneling socket could not be established, cause=140182955374464:error:140770FC:SSL routines:SSL23_GET_SERVER_HELLO:unknown protocol:s23_clnt.c:795:
22 info trying registry request attempt 2 at 12:25:24
23 http GET https://registry.npmjs.org/bootstrap
24 info retry will retry, error on last attempt: Error: tunneling socket could not be established, cause=140182955374464:error:140770FC:SSL routines:SSL23_GET_SERVER_HELLO:unknown protocol:s23_clnt.c:795:
25 info trying registry request attempt 3 at 12:26:24
26 http GET https://registry.npmjs.org/bootstrap
27 silly lockFile 2571d98f-bootstrap bootstrap@
28 silly lockFile 2571d98f-bootstrap bootstrap@
29 error network tunneling socket could not be established, cause=140182955374464:error:140770FC:SSL routines:SSL23_GET_SERVER_HELLO:unknown protocol:s23_clnt.c:795:
29 error network
29 error network This is most likely not a problem with npm itself
29 error network and is related to network connectivity.
29 error network In most cases you are behind a proxy or have bad network settings.
29 error network
29 error network If you are behind a proxy, please make sure that the
29 error network 'proxy' config is set properly.  See: 'npm help config'
30 error System Linux 3.19.0-47-generic
31 error command "/usr/bin/nodejs" "/usr/bin/npm" "install" "bootstrap"
32 error cwd /home/mbsl/Saas/appoint
33 error node -v v0.10.25
34 error npm -v 1.3.10
35 error code ECONNRESET
36 verbose exit [ 1, true ]
